[debug] [2019-09-02T05:06:17.605Z] ----------------------------------------------------------------------
[debug] [2019-09-02T05:06:17.608Z] Command:       C:\Program Files\nodejs\node.exe C:\Users\IBM\AppData\Roaming\npm\node_modules\firebase-tools\lib\bin\firebase.js init
[debug] [2019-09-02T05:06:17.609Z] CLI Version:   7.3.0
[debug] [2019-09-02T05:06:17.609Z] Platform:      win32
[debug] [2019-09-02T05:06:17.609Z] Node Version:  v12.9.1
[debug] [2019-09-02T05:06:17.610Z] Time:          Mon Sep 02 2019 12:06:17 GMT+0700 (Indochina Time)
[debug] [2019-09-02T05:06:17.610Z] ----------------------------------------------------------------------
[debug] 
[debug] [2019-09-02T05:06:17.625Z] > command requires scopes: ["email","openid","https://www.googleapis.com/auth/cloudplatformprojects.readonly","https://www.googleapis.com/auth/firebase","https://www.googleapis.com/auth/cloud-platform"]
[debug] [2019-09-02T05:06:17.626Z] > authorizing via signed-in user
[info] 
     ######## #### ########  ######## ########     ###     ######  ########
     ##        ##  ##     ## ##       ##     ##  ##   ##  ##       ##
     ######    ##  ########  ######   ########  #########  ######  ######
     ##        ##  ##    ##  ##       ##     ## ##     ##       ## ##
     ##       #### ##     ## ######## ########  ##     ##  ######  ########

You're about to initialize a Firebase project in this directory:

  C:\HungTran\Angular\angular-tour-of-heroes

Before we get started, keep in mind:

  * You are currently outside your home directory

[info] 
=== Project Setup
[info] 
[info] First, let's associate this project directory with a Firebase project.
[info] You can create multiple project aliases by running firebase use --add, 
[info] but for now we'll just set up a default project.
[info] 
[debug] [2019-09-02T05:06:57.885Z] > refreshing access token with scopes: ["email","https://www.googleapis.com/auth/cloud-platform","https://www.googleapis.com/auth/cloudplatformprojects.readonly","https://www.googleapis.com/auth/firebase","openid"]
[debug] [2019-09-02T05:06:57.886Z] >>> HTTP REQUEST POST https://www.googleapis.com/oauth2/v3/token  
 <request body omitted>
[debug] [2019-09-02T05:06:58.165Z] <<< HTTP RESPONSE 200
[debug] [2019-09-02T05:06:58.180Z] >>> HTTP REQUEST GET https://firebase.googleapis.com/v1beta1/projects?pageSize=100  
 
[debug] [2019-09-02T05:06:59.068Z] <<< HTTP RESPONSE 200
[info] i  Using project my-first-angular-app-cd38a (my-first-angular-app)
[info] 
=== Database Setup
[info] 
[info] Firebase Realtime Database Rules allow you to define how your data should be
[info] structured and when your data can be read from and written to.
[info] 
[debug] [2019-09-02T05:07:11.745Z] >>> HTTP REQUEST GET https://my-first-angular-app-cd38a.firebaseio.com/.settings/rules.json  
 
[debug] [2019-09-02T05:07:12.707Z] <<< HTTP RESPONSE 200
[info] +  Database Rules for my-first-angular-app-cd38a have been downloaded to database.rules.json.
[info] Future modifications to database.rules.json will update Database Rules when you run
[info] firebase deploy.
[info] 
=== Hosting Setup
[info] 
[info] Your public directory is the folder (relative to your project directory) that
[info] will contain Hosting assets to be uploaded with firebase deploy. If you
[info] have a build process for your assets, use your build's output directory.
[info] 
[debug] [2019-09-02T05:08:18.946Z] Error: kill ENOSYS
    at process.kill (internal/process/per_thread.js:189:13)
    at process.listener (C:\Users\IBM\AppData\Roaming\npm\node_modules\firebase-tools\node_modules\signal-exit\index.js:95:15)
    at process.emit (events.js:209:13)
[error] 
[error] Error: An unexpected error has occurred.
